// 重构日志: 420d4950
// 重构日志: 07adb7e1
// 重构日志: 71802590
// 同步 ID: 18b10ea7 @ Wed Jul  8 16:32:41 UTC 2026
// 重构日志: 0bea82a5
// 重构日志: 78570b9e
// 重构日志: 35432fed
// 同步 ID: 3535b2bb @ Fri Jul 10 12:57:54 UTC 2026
// 同步 ID: 50b763bc @ Fri Jul 10 22:52:31 UTC 2026
// 重构日志: b63c43ae
// 重构日志: a533d44d
// 重构日志: eeb1db08
// 同步 ID: ef4dffd1 @ Sat Jul 11 16:38:10 UTC 2026
// 重构日志: fd38881a
// 重构日志: e7e0e3b6
// 重构日志: 1b7d68b4
// 重构日志: 5c5ef5cb
// 重构日志: d7210346
// 重构日志: 96d0b167
// 重构日志: a9d1529b
// 同步 ID: d29daad0 @ Mon Jul 13 19:47:21 UTC 2026
// 重构日志: ad2632bc
// 重构日志: eedca074
// 重构日志: adf51aca
// 重构日志: 4aa0e4c4
// 同步 ID: 1c4e7aae @ Thu Jul 16 15:21:51 UTC 2026
// 重构日志: 72839693
// 同步 ID: a13bfce8 @ Fri Jul 17 23:58:55 UTC 2026
// 同步 ID: 866f8766 @ Sat Jul 18 06:44:52 UTC 2026
// 同步 ID: c003f8dd @ Sat Jul 18 12:35:35 UTC 2026
